<?xml version="1.0" encoding="UTF-8"?>
<!-- Generated by org.testng.reporters.JUnitReportReporter -->
<testsuite hostname="DESKTOP-FR6LSOP" failures="0" tests="1" name="PageObjectModelDemo.LoginTest" time="4.343" errors="0" timestamp="2025-05-10T18:23:14 IST" skipped="0">
  <testcase classname="PageObjectModelDemo.LoginTest" name="LoginTestCheck" time="4.343"/>
</testsuite> <!-- PageObjectModelDemo.LoginTest -->
