<?xml version="1.0" encoding="UTF-8"?>
<!-- Generated by org.testng.reporters.JUnitReportReporter -->
<testsuite hostname="DESKTOP-FR6LSOP" failures="0" tests="2" name="TestNgAnnotation.afterTes" time="0.022" errors="0" timestamp="2025-05-08T17:47:48 IST" skipped="0">
  <testcase classname="TestNgAnnotation.afterTes" name="TestPage" time="0.005"/>
  <testcase classname="TestNgAnnotation.afterTes" name="TestLogo" time="0.017"/>
</testsuite> <!-- TestNgAnnotation.afterTes -->
