<?xml version="1.0" encoding="UTF-8"?>
<!-- Generated by org.testng.reporters.JUnitReportReporter -->
<testsuite hostname="DESKTOP-FR6LSOP" failures="0" tests="2" name="TestNgAnnotation.BfClass" time="0.062" errors="0" timestamp="2025-05-08T17:33:46 IST" skipped="0">
  <testcase classname="TestNgAnnotation.BfClass" name="TestLogo" time="0.058"/>
  <testcase classname="TestNgAnnotation.BfClass" name="TestPage" time="0.004"/>
</testsuite> <!-- TestNgAnnotation.BfClass -->
