<?xml version="1.0" encoding="UTF-8"?>
<!-- Generated by org.testng.reporters.JUnitReportReporter -->
<testsuite hostname="DESKTOP-FR6LSOP" failures="0" tests="2" name="ParameterTest.ParameterT" time="34.589" errors="0" timestamp="2025-05-09T16:27:24 IST" skipped="0">
  <testcase classname="ParameterTest.ParameterT" name="testDemo1" time="18.326"/>
  <testcase classname="ParameterTest.ParameterT" name="testDemo1" time="16.263"/>
</testsuite> <!-- ParameterTest.ParameterT -->
