<?xml version="1.0" encoding="UTF-8"?>
<!-- Generated by org.testng.reporters.JUnitReportReporter -->
<testsuite hostname="DESKTOP-FR6LSOP" failures="0" tests="2" name="TestNgAnnotation.TestFirstAnnotaion" time="0.049" errors="0" timestamp="2025-05-14T10:49:49 IST" skipped="0">
  <testcase classname="TestNgAnnotation.TestFirstAnnotaion" name="TestLogo" time="0.025"/>
  <testcase classname="TestNgAnnotation.TestFirstAnnotaion" name="TestPage" time="0.024"/>
</testsuite> <!-- TestNgAnnotation.TestFirstAnnotaion -->
