<?xml version="1.0" encoding="UTF-8"?>
<!-- Generated by org.testng.reporters.JUnitReportReporter -->
<testsuite hostname="DESKTOP-FR6LSOP" failures="0" tests="3" name="DataproviderDemo.Demo1" time="14.122" errors="0" timestamp="2025-05-08T19:27:54 IST" skipped="0">
  <testcase classname="DataproviderDemo.Demo1" name="LoginTest" time="5.441"/>
  <testcase classname="DataproviderDemo.Demo1" name="LoginTest" time="4.678"/>
  <testcase classname="DataproviderDemo.Demo1" name="LoginTest" time="4.003"/>
</testsuite> <!-- DataproviderDemo.Demo1 -->
